# JRE version: Java(TM) SE Runtime Environment (26.0.1+8) (build 26.0.1+8-34)
# Java VM: Java HotSpot(TM) 64-Bit Server VM (26.0.1+8-34, mixed mode, sharing, tiered, compressed oops, compressed class ptrs, g1 gc, windows-amd64)
GC Precious Log:
 CardTable entry size: 512
 Card Set container configuration: InlinePtr #cards 5 size 8 Array Of Cards #cards 10 size 36 Howl #buckets 4 coarsen threshold 1843 Howl Bitmap #cards 512 size 80 coarsen threshold 460 Card regions per heap region 1 cards per card region 2048
 CPUs: 8 total, 8 available
 Memory: 8087M
 Large Page Support: Disabled
 NUMA Support: Disabled
 Compressed Oops: Enabled (32-bit)
 Heap Region Size: 1M
 Heap Min Capacity: 8M
 Heap Initial Capacity: 8M
 Heap Max Capacity: 2022M
 Pre-touch: Disabled
 Parallel Workers: 8
 Concurrent Workers: 2
 Concurrent Refinement Workers: 8
 Periodic GC: Disabled
Heap:
 garbage-first heap   total reserved 2070528K, committed 141312K, used 113929K [0x0000000081a00000, 0x0000000100000000)
  region size 1M, 71 eden (71M), 1 survivor (1M), 24 old (24M), 18 humongous (18M), 24 free (24M)
GC Heap Usage History (20 events):
Event: 4.838 {heap Before GC invocations=12 (full 0):
 garbage-first heap   total reserved 2070528K, committed 40960K, used 16032K [0x0000000081a00000, 0x0000000100000000)
  region size 1M, 6 eden (6M), 2 survivor (2M), 9 old (9M), 0 humongous (0M), 23 free (23M)
}
Event: 4.847 {heap After GC invocations=13 (full 0):
 garbage-first heap   total reserved 2070528K, committed 40960K, used 11921K [0x0000000081a00000, 0x0000000100000000)
  region size 1M, 0 eden (0M), 1 survivor (1M), 11 old (11M), 0 humongous (0M), 28 free (28M)
}
Event: 6.535 {heap Before GC invocations=14 (full 0):
 garbage-first heap   total reserved 2070528K, committed 40960K, used 33425K [0x0000000081a00000, 0x0000000100000000)
  region size 1M, 21 eden (21M), 1 survivor (1M), 11 old (11M), 0 humongous (0M), 7 free (7M)
}
Event: 6.544 {heap After GC invocations=15 (full 0):
 garbage-first heap   total reserved 2070528K, committed 40960K, used 13503K [0x0000000081a00000, 0x0000000100000000)
  region size 1M, 0 eden (0M), 3 survivor (3M), 11 old (11M), 0 humongous (0M), 26 free (26M)
}
Event: 8.707 {heap Before GC invocations=15 (full 0):
 garbage-first heap   total reserved 2070528K, committed 40960K, used 32959K [0x0000000081a00000, 0x0000000100000000)
  region size 1M, 20 eden (20M), 3 survivor (3M), 11 old (11M), 0 humongous (0M), 6 free (6M)
}
Event: 8.724 {heap After GC invocations=16 (full 0):
 garbage-first heap   total reserved 2070528K, committed 40960K, used 17128K [0x0000000081a00000, 0x0000000100000000)
  region size 1M, 0 eden (0M), 3 survivor (3M), 14 old (14M), 0 humongous (0M), 23 free (23M)
}
Event: 9.871 {heap Before GC invocations=16 (full 0):
 garbage-first heap   total reserved 2070528K, committed 40960K, used 34536K [0x0000000081a00000, 0x0000000100000000)
  region size 1M, 17 eden (17M), 3 survivor (3M), 14 old (14M), 1 humongous (1M), 5 free (5M)
}
Event: 9.879 {heap After GC invocations=17 (full 0):
 garbage-first heap   total reserved 2070528K, committed 41984K, used 20885K [0x0000000081a00000, 0x0000000100000000)
  region size 1M, 0 eden (0M), 3 survivor (3M), 17 old (17M), 1 humongous (1M), 20 free (20M)
}
Event: 11.112 {heap Before GC invocations=17 (full 0):
 garbage-first heap   total reserved 2070528K, committed 41984K, used 29077K [0x0000000081a00000, 0x0000000100000000)
  region size 1M, 9 eden (9M), 3 survivor (3M), 17 old (17M), 1 humongous (1M), 11 free (11M)
}
Event: 11.119 {heap After GC invocations=18 (full 0):
 garbage-first heap   total reserved 2070528K, committed 41984K, used 21830K [0x0000000081a00000, 0x0000000100000000)
  region size 1M, 0 eden (0M), 2 survivor (2M), 20 old (20M), 1 humongous (1M), 18 free (18M)
}
Event: 11.577 {heap Before GC invocations=19 (full 0):
 garbage-first heap   total reserved 2070528K, committed 43008K, used 40262K [0x0000000081a00000, 0x0000000100000000)
  region size 1M, 12 eden (12M), 2 survivor (2M), 20 old (20M), 8 humongous (8M), 0 free (0M)
}
Event: 11.581 {heap After GC invocations=20 (full 0):
 garbage-first heap   total reserved 2070528K, committed 45056K, used 30670K [0x0000000081a00000, 0x0000000100000000)
  region size 1M, 0 eden (0M), 2 survivor (2M), 21 old (21M), 8 humongous (8M), 13 free (13M)
}
Event: 12.235 {heap Before GC invocations=20 (full 0):
 garbage-first heap   total reserved 2070528K, committed 45056K, used 39886K [0x0000000081a00000, 0x0000000100000000)
  region size 1M, 9 eden (9M), 2 survivor (2M), 21 old (21M), 8 humongous (8M), 4 free (4M)
}
Event: 12.243 {heap After GC invocations=21 (full 0):
 garbage-first heap   total reserved 2070528K, committed 45056K, used 30131K [0x0000000081a00000, 0x0000000100000000)
  region size 1M, 0 eden (0M), 2 survivor (2M), 20 old (20M), 8 humongous (8M), 14 free (14M)
}
Event: 12.489 {heap Before GC invocations=21 (full 0):
 garbage-first heap   total reserved 2070528K, committed 45056K, used 34227K [0x0000000081a00000, 0x0000000100000000)
  region size 1M, 5 eden (5M), 2 survivor (2M), 20 old (20M), 8 humongous (8M), 9 free (9M)
}
Event: 12.494 {heap After GC invocations=22 (full 0):
 garbage-first heap   total reserved 2070528K, committed 45056K, used 30637K [0x0000000081a00000, 0x0000000100000000)
  region size 1M, 0 eden (0M), 2 survivor (2M), 21 old (21M), 8 humongous (8M), 13 free (13M)
}
Event: 13.184 {heap Before GC invocations=23 (full 0):
 garbage-first heap   total reserved 2070528K, committed 45056K, used 40877K [0x0000000081a00000, 0x0000000100000000)
  region size 1M, 10 eden (10M), 2 survivor (2M), 21 old (21M), 9 humongous (9M), 2 free (2M)
}
Event: 13.190 {heap After GC invocations=24 (full 0):
 garbage-first heap   total reserved 2070528K, committed 46080K, used 33247K [0x0000000081a00000, 0x0000000100000000)
  region size 1M, 0 eden (0M), 2 survivor (2M), 22 old (22M), 9 humongous (9M), 12 free (12M)
}
Event: 13.872 {heap Before GC invocations=24 (full 0):
 garbage-first heap   total reserved 2070528K, committed 46080K, used 41439K [0x0000000081a00000, 0x0000000100000000)
  region size 1M, 9 eden (9M), 2 survivor (2M), 22 old (22M), 9 humongous (9M), 3 free (3M)
}
Event: 13.892 {heap After GC invocations=25 (full 0):
 garbage-first heap   total reserved 2070528K, committed 141312K, used 34057K [0x0000000081a00000, 0x0000000100000000)
  region size 1M, 0 eden (0M), 1 survivor (1M), 24 old (24M), 9 humongous (9M), 104 free (104M)
}

